<?xml version="1.0" encoding="UTF-8"?>
<testsuite xmlns:xsi="http://www.w3.org/2001/XMLSchema-instance" xsi:noNamespaceSchemaLocation="https://maven.apache.org/surefire/maven-surefire-plugin/xsd/surefire-test-report-3.0.xsd" version="3.0" name="com.scme.messenger.ScmeMessengerApplicationTests" time="3.823" tests="1" errors="0" skipped="0" failures="0">
  <properties>
    <property name="java.specification.version" value="21"/>
    <property name="sun.jnu.encoding" value="UTF-8"/>
    <property name="java.class.path" value="/Users/hashemzerei/Documents/workspace-spring-tool-suite-4-4.19.0.RELEASE/scme-messenger/target/test-classes:/Users/hashemzerei/Documents/workspace-spring-tool-suite-4-4.19.0.RELEASE/scme-messenger/target/classes:/Users/hashemzerei/.m2/repository/org/springframework/boot/spring-boot-starter-security/3.2.3/spring-boot-starter-security-3.2.3.jar:/Users/hashemzerei/.m2/repository/org/springframework/boot/spring-boot-starter/3.2.3/spring-boot-starter-3.2.3.jar:/Users/hashemzerei/.m2/repository/org/springframework/boot/spring-boot-starter-logging/3.2.3/spring-boot-starter-logging-3.2.3.jar:/Users/hashemzerei/.m2/repository/ch/qos/logback/logback-classic/1.4.14/logback-classic-1.4.14.jar:/Users/hashemzerei/.m2/repository/ch/qos/logback/logback-core/1.4.14/logback-core-1.4.14.jar:/Users/hashemzerei/.m2/repository/org/apache/logging/log4j/log4j-to-slf4j/2.21.1/log4j-to-slf4j-2.21.1.jar:/Users/hashemzerei/.m2/repository/org/apache/logging/log4j/log4j-api/2.21.1/log4j-api-2.21.1.jar:/Users/hashemzerei/.m2/repository/org/slf4j/jul-to-slf4j/2.0.12/jul-to-slf4j-2.0.12.jar:/Users/hashemzerei/.m2/repository/jakarta/annotation/jakarta.annotation-api/2.1.1/jakarta.annotation-api-2.1.1.jar:/Users/hashemzerei/.m2/repository/org/yaml/snakeyaml/2.2/snakeyaml-2.2.jar:/Users/hashemzerei/.m2/repository/org/springframework/spring-aop/6.1.4/spring-aop-6.1.4.jar:/Users/hashemzerei/.m2/repository/org/springframework/spring-beans/6.1.4/spring-beans-6.1.4.jar:/Users/hashemzerei/.m2/repository/org/springframework/security/spring-security-config/6.2.2/spring-security-config-6.2.2.jar:/Users/hashemzerei/.m2/repository/org/springframework/security/spring-security-core/6.2.2/spring-security-core-6.2.2.jar:/Users/hashemzerei/.m2/repository/org/springframework/security/spring-security-crypto/6.2.2/spring-security-crypto-6.2.2.jar:/Users/hashemzerei/.m2/repository/org/springframework/spring-context/6.1.4/spring-context-6.1.4.jar:/Users/hashemzerei/.m2/repository/org/springframework/security/spring-security-web/6.2.2/spring-security-web-6.2.2.jar:/Users/hashemzerei/.m2/repository/org/springframework/spring-expression/6.1.4/spring-expression-6.1.4.jar:/Users/hashemzerei/.m2/repository/io/jsonwebtoken/jjwt-api/0.11.5/jjwt-api-0.11.5.jar:/Users/hashemzerei/.m2/repository/io/jsonwebtoken/jjwt-impl/0.11.5/jjwt-impl-0.11.5.jar:/Users/hashemzerei/.m2/repository/io/jsonwebtoken/jjwt-jackson/0.11.5/jjwt-jackson-0.11.5.jar:/Users/hashemzerei/.m2/repository/com/fasterxml/jackson/core/jackson-databind/2.15.4/jackson-databind-2.15.4.jar:/Users/hashemzerei/.m2/repository/com/fasterxml/jackson/core/jackson-annotations/2.15.4/jackson-annotations-2.15.4.jar:/Users/hashemzerei/.m2/repository/com/fasterxml/jackson/core/jackson-core/2.15.4/jackson-core-2.15.4.jar:/Users/hashemzerei/.m2/repository/com/h2database/h2/2.2.224/h2-2.2.224.jar:/Users/hashemzerei/.m2/repository/org/springframework/boot/spring-boot-starter-data-jpa/3.2.3/spring-boot-starter-data-jpa-3.2.3.jar:/Users/hashemzerei/.m2/repository/org/springframework/boot/spring-boot-starter-aop/3.2.3/spring-boot-starter-aop-3.2.3.jar:/Users/hashemzerei/.m2/repository/org/aspectj/aspectjweaver/1.9.21/aspectjweaver-1.9.21.jar:/Users/hashemzerei/.m2/repository/org/springframework/boot/spring-boot-starter-jdbc/3.2.3/spring-boot-starter-jdbc-3.2.3.jar:/Users/hashemzerei/.m2/repository/com/zaxxer/HikariCP/5.0.1/HikariCP-5.0.1.jar:/Users/hashemzerei/.m2/repository/org/springframework/spring-jdbc/6.1.4/spring-jdbc-6.1.4.jar:/Users/hashemzerei/.m2/repository/org/hibernate/orm/hibernate-core/6.4.4.Final/hibernate-core-6.4.4.Final.jar:/Users/hashemzerei/.m2/repository/jakarta/persistence/jakarta.persistence-api/3.1.0/jakarta.persistence-api-3.1.0.jar:/Users/hashemzerei/.m2/repository/jakarta/transaction/jakarta.transaction-api/2.0.1/jakarta.transaction-api-2.0.1.jar:/Users/hashemzerei/.m2/repository/org/jboss/logging/jboss-logging/3.5.3.Final/jboss-logging-3.5.3.Final.jar:/Users/hashemzerei/.m2/repository/org/hibernate/common/hibernate-commons-annotations/6.0.6.Final/hibernate-commons-annotations-6.0.6.Final.jar:/Users/hashemzerei/.m2/repository/io/smallrye/jandex/3.1.2/jandex-3.1.2.jar:/Users/hashemzerei/.m2/repository/com/fasterxml/classmate/1.6.0/classmate-1.6.0.jar:/Users/hashemzerei/.m2/repository/net/bytebuddy/byte-buddy/1.14.12/byte-buddy-1.14.12.jar:/Users/hashemzerei/.m2/repository/org/glassfish/jaxb/jaxb-runtime/4.0.4/jaxb-runtime-4.0.4.jar:/Users/hashemzerei/.m2/repository/org/glassfish/jaxb/jaxb-core/4.0.4/jaxb-core-4.0.4.jar:/Users/hashemzerei/.m2/repository/org/glassfish/jaxb/txw2/4.0.4/txw2-4.0.4.jar:/Users/hashemzerei/.m2/repository/com/sun/istack/istack-commons-runtime/4.1.2/istack-commons-runtime-4.1.2.jar:/Users/hashemzerei/.m2/repository/jakarta/inject/jakarta.inject-api/2.0.1/jakarta.inject-api-2.0.1.jar:/Users/hashemzerei/.m2/repository/org/antlr/antlr4-runtime/4.13.0/antlr4-runtime-4.13.0.jar:/Users/hashemzerei/.m2/repository/org/springframework/data/spring-data-jpa/3.2.3/spring-data-jpa-3.2.3.jar:/Users/hashemzerei/.m2/repository/org/springframework/data/spring-data-commons/3.2.3/spring-data-commons-3.2.3.jar:/Users/hashemzerei/.m2/repository/org/springframework/spring-orm/6.1.4/spring-orm-6.1.4.jar:/Users/hashemzerei/.m2/repository/org/slf4j/slf4j-api/2.0.12/slf4j-api-2.0.12.jar:/Users/hashemzerei/.m2/repository/org/springframework/spring-aspects/6.1.4/spring-aspects-6.1.4.jar:/Users/hashemzerei/.m2/repository/org/springframework/boot/spring-boot-starter-validation/3.2.3/spring-boot-starter-validation-3.2.3.jar:/Users/hashemzerei/.m2/repository/org/apache/tomcat/embed/tomcat-embed-el/10.1.19/tomcat-embed-el-10.1.19.jar:/Users/hashemzerei/.m2/repository/org/hibernate/validator/hibernate-validator/8.0.1.Final/hibernate-validator-8.0.1.Final.jar:/Users/hashemzerei/.m2/repository/jakarta/validation/jakarta.validation-api/3.0.2/jakarta.validation-api-3.0.2.jar:/Users/hashemzerei/.m2/repository/org/springframework/boot/spring-boot-starter-web/3.2.3/spring-boot-starter-web-3.2.3.jar:/Users/hashemzerei/.m2/repository/org/springframework/boot/spring-boot-starter-json/3.2.3/spring-boot-starter-json-3.2.3.jar:/Users/hashemzerei/.m2/repository/com/fasterxml/jackson/datatype/jackson-datatype-jdk8/2.15.4/jackson-datatype-jdk8-2.15.4.jar:/Users/hashemzerei/.m2/repository/com/fasterxml/jackson/datatype/jackson-datatype-jsr310/2.15.4/jackson-datatype-jsr310-2.15.4.jar:/Users/hashemzerei/.m2/repository/com/fasterxml/jackson/module/jackson-module-parameter-names/2.15.4/jackson-module-parameter-names-2.15.4.jar:/Users/hashemzerei/.m2/repository/org/springframework/boot/spring-boot-starter-tomcat/3.2.3/spring-boot-starter-tomcat-3.2.3.jar:/Users/hashemzerei/.m2/repository/org/apache/tomcat/embed/tomcat-embed-core/10.1.19/tomcat-embed-core-10.1.19.jar:/Users/hashemzerei/.m2/repository/org/apache/tomcat/embed/tomcat-embed-websocket/10.1.19/tomcat-embed-websocket-10.1.19.jar:/Users/hashemzerei/.m2/repository/org/springframework/spring-web/6.1.4/spring-web-6.1.4.jar:/Users/hashemzerei/.m2/repository/io/micrometer/micrometer-observation/1.12.3/micrometer-observation-1.12.3.jar:/Users/hashemzerei/.m2/repository/io/micrometer/micrometer-commons/1.12.3/micrometer-commons-1.12.3.jar:/Users/hashemzerei/.m2/repository/org/springframework/spring-webmvc/6.1.4/spring-webmvc-6.1.4.jar:/Users/hashemzerei/.m2/repository/org/springframework/boot/spring-boot-starter-websocket/3.2.3/spring-boot-starter-websocket-3.2.3.jar:/Users/hashemzerei/.m2/repository/org/springframework/spring-messaging/6.1.4/spring-messaging-6.1.4.jar:/Users/hashemzerei/.m2/repository/org/springframework/spring-websocket/6.1.4/spring-websocket-6.1.4.jar:/Users/hashemzerei/.m2/repository/org/springframework/boot/spring-boot-devtools/3.2.3/spring-boot-devtools-3.2.3.jar:/Users/hashemzerei/.m2/repository/org/springframework/boot/spring-boot/3.2.3/spring-boot-3.2.3.jar:/Users/hashemzerei/.m2/repository/org/springframework/boot/spring-boot-autoconfigure/3.2.3/spring-boot-autoconfigure-3.2.3.jar:/Users/hashemzerei/.m2/repository/org/postgresql/postgresql/42.6.1/postgresql-42.6.1.jar:/Users/hashemzerei/.m2/repository/org/checkerframework/checker-qual/3.31.0/checker-qual-3.31.0.jar:/Users/hashemzerei/.m2/repository/org/projectlombok/lombok/1.18.30/lombok-1.18.30.jar:/Users/hashemzerei/.m2/repository/org/springdoc/springdoc-openapi-starter-webmvc-ui/2.3.0/springdoc-openapi-starter-webmvc-ui-2.3.0.jar:/Users/hashemzerei/.m2/repository/org/springdoc/springdoc-openapi-starter-webmvc-api/2.3.0/springdoc-openapi-starter-webmvc-api-2.3.0.jar:/Users/hashemzerei/.m2/repository/org/springdoc/springdoc-openapi-starter-common/2.3.0/springdoc-openapi-starter-common-2.3.0.jar:/Users/hashemzerei/.m2/repository/io/swagger/core/v3/swagger-core-jakarta/2.2.19/swagger-core-jakarta-2.2.19.jar:/Users/hashemzerei/.m2/repository/org/apache/commons/commons-lang3/3.13.0/commons-lang3-3.13.0.jar:/Users/hashemzerei/.m2/repository/io/swagger/core/v3/swagger-annotations-jakarta/2.2.19/swagger-annotations-jakarta-2.2.19.jar:/Users/hashemzerei/.m2/repository/io/swagger/core/v3/swagger-models-jakarta/2.2.19/swagger-models-jakarta-2.2.19.jar:/Users/hashemzerei/.m2/repository/com/fasterxml/jackson/dataformat/jackson-dataformat-yaml/2.15.4/jackson-dataformat-yaml-2.15.4.jar:/Users/hashemzerei/.m2/repository/org/webjars/swagger-ui/5.10.3/swagger-ui-5.10.3.jar:/Users/hashemzerei/.m2/repository/org/springframework/boot/spring-boot-starter-quartz/3.2.3/spring-boot-starter-quartz-3.2.3.jar:/Users/hashemzerei/.m2/repository/org/springframework/spring-context-support/6.1.4/spring-context-support-6.1.4.jar:/Users/hashemzerei/.m2/repository/org/springframework/spring-tx/6.1.4/spring-tx-6.1.4.jar:/Users/hashemzerei/.m2/repository/org/quartz-scheduler/quartz/2.3.2/quartz-2.3.2.jar:/Users/hashemzerei/.m2/repository/com/mchange/mchange-commons-java/0.2.15/mchange-commons-java-0.2.15.jar:/Users/hashemzerei/.m2/repository/org/springframework/boot/spring-boot-starter-mail/3.2.3/spring-boot-starter-mail-3.2.3.jar:/Users/hashemzerei/.m2/repository/org/eclipse/angus/jakarta.mail/2.0.2/jakarta.mail-2.0.2.jar:/Users/hashemzerei/.m2/repository/jakarta/activation/jakarta.activation-api/2.1.2/jakarta.activation-api-2.1.2.jar:/Users/hashemzerei/.m2/repository/org/eclipse/angus/angus-activation/2.0.1/angus-activation-2.0.1.jar:/Users/hashemzerei/.m2/repository/org/springframework/boot/spring-boot-starter-test/3.2.3/spring-boot-starter-test-3.2.3.jar:/Users/hashemzerei/.m2/repository/org/springframework/boot/spring-boot-test/3.2.3/spring-boot-test-3.2.3.jar:/Users/hashemzerei/.m2/repository/org/springframework/boot/spring-boot-test-autoconfigure/3.2.3/spring-boot-test-autoconfigure-3.2.3.jar:/Users/hashemzerei/.m2/repository/com/jayway/jsonpath/json-path/2.9.0/json-path-2.9.0.jar:/Users/hashemzerei/.m2/repository/jakarta/xml/bind/jakarta.xml.bind-api/4.0.1/jakarta.xml.bind-api-4.0.1.jar:/Users/hashemzerei/.m2/repository/net/minidev/json-smart/2.5.0/json-smart-2.5.0.jar:/Users/hashemzerei/.m2/repository/net/minidev/accessors-smart/2.5.0/accessors-smart-2.5.0.jar:/Users/hashemzerei/.m2/repository/org/ow2/asm/asm/9.3/asm-9.3.jar:/Users/hashemzerei/.m2/repository/org/assertj/assertj-core/3.24.2/assertj-core-3.24.2.jar:/Users/hashemzerei/.m2/repository/org/awaitility/awaitility/4.2.0/awaitility-4.2.0.jar:/Users/hashemzerei/.m2/repository/org/hamcrest/hamcrest/2.2/hamcrest-2.2.jar:/Users/hashemzerei/.m2/repository/org/junit/jupiter/junit-jupiter/5.10.2/junit-jupiter-5.10.2.jar:/Users/hashemzerei/.m2/repository/org/junit/jupiter/junit-jupiter-api/5.10.2/junit-jupiter-api-5.10.2.jar:/Users/hashemzerei/.m2/repository/org/opentest4j/opentest4j/1.3.0/opentest4j-1.3.0.jar:/Users/hashemzerei/.m2/repository/org/junit/platform/junit-platform-commons/1.10.2/junit-platform-commons-1.10.2.jar:/Users/hashemzerei/.m2/repository/org/apiguardian/apiguardian-api/1.1.2/apiguardian-api-1.1.2.jar:/Users/hashemzerei/.m2/repository/org/junit/jupiter/junit-jupiter-params/5.10.2/junit-jupiter-params-5.10.2.jar:/Users/hashemzerei/.m2/repository/org/junit/jupiter/junit-jupiter-engine/5.10.2/junit-jupiter-engine-5.10.2.jar:/Users/hashemzerei/.m2/repository/org/junit/platform/junit-platform-engine/1.10.2/junit-platform-engine-1.10.2.jar:/Users/hashemzerei/.m2/repository/org/mockito/mockito-core/5.7.0/mockito-core-5.7.0.jar:/Users/hashemzerei/.m2/repository/net/bytebuddy/byte-buddy-agent/1.14.12/byte-buddy-agent-1.14.12.jar:/Users/hashemzerei/.m2/repository/org/objenesis/objenesis/3.3/objenesis-3.3.jar:/Users/hashemzerei/.m2/repository/org/mockito/mockito-junit-jupiter/5.7.0/mockito-junit-jupiter-5.7.0.jar:/Users/hashemzerei/.m2/repository/org/skyscreamer/jsonassert/1.5.1/jsonassert-1.5.1.jar:/Users/hashemzerei/.m2/repository/com/vaadin/external/google/android-json/0.0.20131108.vaadin1/android-json-0.0.20131108.vaadin1.jar:/Users/hashemzerei/.m2/repository/org/springframework/spring-core/6.1.4/spring-core-6.1.4.jar:/Users/hashemzerei/.m2/repository/org/springframework/spring-jcl/6.1.4/spring-jcl-6.1.4.jar:/Users/hashemzerei/.m2/repository/org/springframework/spring-test/6.1.4/spring-test-6.1.4.jar:/Users/hashemzerei/.m2/repository/org/xmlunit/xmlunit-core/2.9.1/xmlunit-core-2.9.1.jar:/Users/hashemzerei/.m2/repository/org/json/json/20240303/json-20240303.jar:"/>
    <property name="java.vm.vendor" value="Homebrew"/>
    <property name="sun.arch.data.model" value="64"/>
    <property name="java.vendor.url" value="https://github.com/Homebrew/homebrew-core/issues"/>
    <property name="user.timezone" value="Asia/Hebron"/>
    <property name="org.jboss.logging.provider" value="slf4j"/>
    <property name="os.name" value="Mac OS X"/>
    <property name="java.vm.specification.version" value="21"/>
    <property name="sun.java.launcher" value="SUN_STANDARD"/>
    <property name="user.country" value="IL"/>
    <property name="sun.boot.library.path" value="/opt/homebrew/Cellar/openjdk/21.0.2/libexec/openjdk.jdk/Contents/Home/lib"/>
    <property name="sun.java.command" value="/Users/hashemzerei/Documents/workspace-spring-tool-suite-4-4.19.0.RELEASE/scme-messenger/target/surefire/surefirebooter-20240409032950496_3.jar /Users/hashemzerei/Documents/workspace-spring-tool-suite-4-4.19.0.RELEASE/scme-messenger/target/surefire 2024-04-09T03-29-50_447-jvmRun1 surefire-20240409032950496_1tmp surefire_0-20240409032950496_2tmp"/>
    <property name="http.nonProxyHosts" value="local|*.local|169.254/16|*.169.254/16"/>
    <property name="jdk.debug" value="release"/>
    <property name="surefire.test.class.path" value="/Users/hashemzerei/Documents/workspace-spring-tool-suite-4-4.19.0.RELEASE/scme-messenger/target/test-classes:/Users/hashemzerei/Documents/workspace-spring-tool-suite-4-4.19.0.RELEASE/scme-messenger/target/classes:/Users/hashemzerei/.m2/repository/org/springframework/boot/spring-boot-starter-security/3.2.3/spring-boot-starter-security-3.2.3.jar:/Users/hashemzerei/.m2/repository/org/springframework/boot/spring-boot-starter/3.2.3/spring-boot-starter-3.2.3.jar:/Users/hashemzerei/.m2/repository/org/springframework/boot/spring-boot-starter-logging/3.2.3/spring-boot-starter-logging-3.2.3.jar:/Users/hashemzerei/.m2/repository/ch/qos/logback/logback-classic/1.4.14/logback-classic-1.4.14.jar:/Users/hashemzerei/.m2/repository/ch/qos/logback/logback-core/1.4.14/logback-core-1.4.14.jar:/Users/hashemzerei/.m2/repository/org/apache/logging/log4j/log4j-to-slf4j/2.21.1/log4j-to-slf4j-2.21.1.jar:/Users/hashemzerei/.m2/repository/org/apache/logging/log4j/log4j-api/2.21.1/log4j-api-2.21.1.jar:/Users/hashemzerei/.m2/repository/org/slf4j/jul-to-slf4j/2.0.12/jul-to-slf4j-2.0.12.jar:/Users/hashemzerei/.m2/repository/jakarta/annotation/jakarta.annotation-api/2.1.1/jakarta.annotation-api-2.1.1.jar:/Users/hashemzerei/.m2/repository/org/yaml/snakeyaml/2.2/snakeyaml-2.2.jar:/Users/hashemzerei/.m2/repository/org/springframework/spring-aop/6.1.4/spring-aop-6.1.4.jar:/Users/hashemzerei/.m2/repository/org/springframework/spring-beans/6.1.4/spring-beans-6.1.4.jar:/Users/hashemzerei/.m2/repository/org/springframework/security/spring-security-config/6.2.2/spring-security-config-6.2.2.jar:/Users/hashemzerei/.m2/repository/org/springframework/security/spring-security-core/6.2.2/spring-security-core-6.2.2.jar:/Users/hashemzerei/.m2/repository/org/springframework/security/spring-security-crypto/6.2.2/spring-security-crypto-6.2.2.jar:/Users/hashemzerei/.m2/repository/org/springframework/spring-context/6.1.4/spring-context-6.1.4.jar:/Users/hashemzerei/.m2/repository/org/springframework/security/spring-security-web/6.2.2/spring-security-web-6.2.2.jar:/Users/hashemzerei/.m2/repository/org/springframework/spring-expression/6.1.4/spring-expression-6.1.4.jar:/Users/hashemzerei/.m2/repository/io/jsonwebtoken/jjwt-api/0.11.5/jjwt-api-0.11.5.jar:/Users/hashemzerei/.m2/repository/io/jsonwebtoken/jjwt-impl/0.11.5/jjwt-impl-0.11.5.jar:/Users/hashemzerei/.m2/repository/io/jsonwebtoken/jjwt-jackson/0.11.5/jjwt-jackson-0.11.5.jar:/Users/hashemzerei/.m2/repository/com/fasterxml/jackson/core/jackson-databind/2.15.4/jackson-databind-2.15.4.jar:/Users/hashemzerei/.m2/repository/com/fasterxml/jackson/core/jackson-annotations/2.15.4/jackson-annotations-2.15.4.jar:/Users/hashemzerei/.m2/repository/com/fasterxml/jackson/core/jackson-core/2.15.4/jackson-core-2.15.4.jar:/Users/hashemzerei/.m2/repository/com/h2database/h2/2.2.224/h2-2.2.224.jar:/Users/hashemzerei/.m2/repository/org/springframework/boot/spring-boot-starter-data-jpa/3.2.3/spring-boot-starter-data-jpa-3.2.3.jar:/Users/hashemzerei/.m2/repository/org/springframework/boot/spring-boot-starter-aop/3.2.3/spring-boot-starter-aop-3.2.3.jar:/Users/hashemzerei/.m2/repository/org/aspectj/aspectjweaver/1.9.21/aspectjweaver-1.9.21.jar:/Users/hashemzerei/.m2/repository/org/springframework/boot/spring-boot-starter-jdbc/3.2.3/spring-boot-starter-jdbc-3.2.3.jar:/Users/hashemzerei/.m2/repository/com/zaxxer/HikariCP/5.0.1/HikariCP-5.0.1.jar:/Users/hashemzerei/.m2/repository/org/springframework/spring-jdbc/6.1.4/spring-jdbc-6.1.4.jar:/Users/hashemzerei/.m2/repository/org/hibernate/orm/hibernate-core/6.4.4.Final/hibernate-core-6.4.4.Final.jar:/Users/hashemzerei/.m2/repository/jakarta/persistence/jakarta.persistence-api/3.1.0/jakarta.persistence-api-3.1.0.jar:/Users/hashemzerei/.m2/repository/jakarta/transaction/jakarta.transaction-api/2.0.1/jakarta.transaction-api-2.0.1.jar:/Users/hashemzerei/.m2/repository/org/jboss/logging/jboss-logging/3.5.3.Final/jboss-logging-3.5.3.Final.jar:/Users/hashemzerei/.m2/repository/org/hibernate/common/hibernate-commons-annotations/6.0.6.Final/hibernate-commons-annotations-6.0.6.Final.jar:/Users/hashemzerei/.m2/repository/io/smallrye/jandex/3.1.2/jandex-3.1.2.jar:/Users/hashemzerei/.m2/repository/com/fasterxml/classmate/1.6.0/classmate-1.6.0.jar:/Users/hashemzerei/.m2/repository/net/bytebuddy/byte-buddy/1.14.12/byte-buddy-1.14.12.jar:/Users/hashemzerei/.m2/repository/org/glassfish/jaxb/jaxb-runtime/4.0.4/jaxb-runtime-4.0.4.jar:/Users/hashemzerei/.m2/repository/org/glassfish/jaxb/jaxb-core/4.0.4/jaxb-core-4.0.4.jar:/Users/hashemzerei/.m2/repository/org/glassfish/jaxb/txw2/4.0.4/txw2-4.0.4.jar:/Users/hashemzerei/.m2/repository/com/sun/istack/istack-commons-runtime/4.1.2/istack-commons-runtime-4.1.2.jar:/Users/hashemzerei/.m2/repository/jakarta/inject/jakarta.inject-api/2.0.1/jakarta.inject-api-2.0.1.jar:/Users/hashemzerei/.m2/repository/org/antlr/antlr4-runtime/4.13.0/antlr4-runtime-4.13.0.jar:/Users/hashemzerei/.m2/repository/org/springframework/data/spring-data-jpa/3.2.3/spring-data-jpa-3.2.3.jar:/Users/hashemzerei/.m2/repository/org/springframework/data/spring-data-commons/3.2.3/spring-data-commons-3.2.3.jar:/Users/hashemzerei/.m2/repository/org/springframework/spring-orm/6.1.4/spring-orm-6.1.4.jar:/Users/hashemzerei/.m2/repository/org/slf4j/slf4j-api/2.0.12/slf4j-api-2.0.12.jar:/Users/hashemzerei/.m2/repository/org/springframework/spring-aspects/6.1.4/spring-aspects-6.1.4.jar:/Users/hashemzerei/.m2/repository/org/springframework/boot/spring-boot-starter-validation/3.2.3/spring-boot-starter-validation-3.2.3.jar:/Users/hashemzerei/.m2/repository/org/apache/tomcat/embed/tomcat-embed-el/10.1.19/tomcat-embed-el-10.1.19.jar:/Users/hashemzerei/.m2/repository/org/hibernate/validator/hibernate-validator/8.0.1.Final/hibernate-validator-8.0.1.Final.jar:/Users/hashemzerei/.m2/repository/jakarta/validation/jakarta.validation-api/3.0.2/jakarta.validation-api-3.0.2.jar:/Users/hashemzerei/.m2/repository/org/springframework/boot/spring-boot-starter-web/3.2.3/spring-boot-starter-web-3.2.3.jar:/Users/hashemzerei/.m2/repository/org/springframework/boot/spring-boot-starter-json/3.2.3/spring-boot-starter-json-3.2.3.jar:/Users/hashemzerei/.m2/repository/com/fasterxml/jackson/datatype/jackson-datatype-jdk8/2.15.4/jackson-datatype-jdk8-2.15.4.jar:/Users/hashemzerei/.m2/repository/com/fasterxml/jackson/datatype/jackson-datatype-jsr310/2.15.4/jackson-datatype-jsr310-2.15.4.jar:/Users/hashemzerei/.m2/repository/com/fasterxml/jackson/module/jackson-module-parameter-names/2.15.4/jackson-module-parameter-names-2.15.4.jar:/Users/hashemzerei/.m2/repository/org/springframework/boot/spring-boot-starter-tomcat/3.2.3/spring-boot-starter-tomcat-3.2.3.jar:/Users/hashemzerei/.m2/repository/org/apache/tomcat/embed/tomcat-embed-core/10.1.19/tomcat-embed-core-10.1.19.jar:/Users/hashemzerei/.m2/repository/org/apache/tomcat/embed/tomcat-embed-websocket/10.1.19/tomcat-embed-websocket-10.1.19.jar:/Users/hashemzerei/.m2/repository/org/springframework/spring-web/6.1.4/spring-web-6.1.4.jar:/Users/hashemzerei/.m2/repository/io/micrometer/micrometer-observation/1.12.3/micrometer-observation-1.12.3.jar:/Users/hashemzerei/.m2/repository/io/micrometer/micrometer-commons/1.12.3/micrometer-commons-1.12.3.jar:/Users/hashemzerei/.m2/repository/org/springframework/spring-webmvc/6.1.4/spring-webmvc-6.1.4.jar:/Users/hashemzerei/.m2/repository/org/springframework/boot/spring-boot-starter-websocket/3.2.3/spring-boot-starter-websocket-3.2.3.jar:/Users/hashemzerei/.m2/repository/org/springframework/spring-messaging/6.1.4/spring-messaging-6.1.4.jar:/Users/hashemzerei/.m2/repository/org/springframework/spring-websocket/6.1.4/spring-websocket-6.1.4.jar:/Users/hashemzerei/.m2/repository/org/springframework/boot/spring-boot-devtools/3.2.3/spring-boot-devtools-3.2.3.jar:/Users/hashemzerei/.m2/repository/org/springframework/boot/spring-boot/3.2.3/spring-boot-3.2.3.jar:/Users/hashemzerei/.m2/repository/org/springframework/boot/spring-boot-autoconfigure/3.2.3/spring-boot-autoconfigure-3.2.3.jar:/Users/hashemzerei/.m2/repository/org/postgresql/postgresql/42.6.1/postgresql-42.6.1.jar:/Users/hashemzerei/.m2/repository/org/checkerframework/checker-qual/3.31.0/checker-qual-3.31.0.jar:/Users/hashemzerei/.m2/repository/org/projectlombok/lombok/1.18.30/lombok-1.18.30.jar:/Users/hashemzerei/.m2/repository/org/springdoc/springdoc-openapi-starter-webmvc-ui/2.3.0/springdoc-openapi-starter-webmvc-ui-2.3.0.jar:/Users/hashemzerei/.m2/repository/org/springdoc/springdoc-openapi-starter-webmvc-api/2.3.0/springdoc-openapi-starter-webmvc-api-2.3.0.jar:/Users/hashemzerei/.m2/repository/org/springdoc/springdoc-openapi-starter-common/2.3.0/springdoc-openapi-starter-common-2.3.0.jar:/Users/hashemzerei/.m2/repository/io/swagger/core/v3/swagger-core-jakarta/2.2.19/swagger-core-jakarta-2.2.19.jar:/Users/hashemzerei/.m2/repository/org/apache/commons/commons-lang3/3.13.0/commons-lang3-3.13.0.jar:/Users/hashemzerei/.m2/repository/io/swagger/core/v3/swagger-annotations-jakarta/2.2.19/swagger-annotations-jakarta-2.2.19.jar:/Users/hashemzerei/.m2/repository/io/swagger/core/v3/swagger-models-jakarta/2.2.19/swagger-models-jakarta-2.2.19.jar:/Users/hashemzerei/.m2/repository/com/fasterxml/jackson/dataformat/jackson-dataformat-yaml/2.15.4/jackson-dataformat-yaml-2.15.4.jar:/Users/hashemzerei/.m2/repository/org/webjars/swagger-ui/5.10.3/swagger-ui-5.10.3.jar:/Users/hashemzerei/.m2/repository/org/springframework/boot/spring-boot-starter-quartz/3.2.3/spring-boot-starter-quartz-3.2.3.jar:/Users/hashemzerei/.m2/repository/org/springframework/spring-context-support/6.1.4/spring-context-support-6.1.4.jar:/Users/hashemzerei/.m2/repository/org/springframework/spring-tx/6.1.4/spring-tx-6.1.4.jar:/Users/hashemzerei/.m2/repository/org/quartz-scheduler/quartz/2.3.2/quartz-2.3.2.jar:/Users/hashemzerei/.m2/repository/com/mchange/mchange-commons-java/0.2.15/mchange-commons-java-0.2.15.jar:/Users/hashemzerei/.m2/repository/org/springframework/boot/spring-boot-starter-mail/3.2.3/spring-boot-starter-mail-3.2.3.jar:/Users/hashemzerei/.m2/repository/org/eclipse/angus/jakarta.mail/2.0.2/jakarta.mail-2.0.2.jar:/Users/hashemzerei/.m2/repository/jakarta/activation/jakarta.activation-api/2.1.2/jakarta.activation-api-2.1.2.jar:/Users/hashemzerei/.m2/repository/org/eclipse/angus/angus-activation/2.0.1/angus-activation-2.0.1.jar:/Users/hashemzerei/.m2/repository/org/springframework/boot/spring-boot-starter-test/3.2.3/spring-boot-starter-test-3.2.3.jar:/Users/hashemzerei/.m2/repository/org/springframework/boot/spring-boot-test/3.2.3/spring-boot-test-3.2.3.jar:/Users/hashemzerei/.m2/repository/org/springframework/boot/spring-boot-test-autoconfigure/3.2.3/spring-boot-test-autoconfigure-3.2.3.jar:/Users/hashemzerei/.m2/repository/com/jayway/jsonpath/json-path/2.9.0/json-path-2.9.0.jar:/Users/hashemzerei/.m2/repository/jakarta/xml/bind/jakarta.xml.bind-api/4.0.1/jakarta.xml.bind-api-4.0.1.jar:/Users/hashemzerei/.m2/repository/net/minidev/json-smart/2.5.0/json-smart-2.5.0.jar:/Users/hashemzerei/.m2/repository/net/minidev/accessors-smart/2.5.0/accessors-smart-2.5.0.jar:/Users/hashemzerei/.m2/repository/org/ow2/asm/asm/9.3/asm-9.3.jar:/Users/hashemzerei/.m2/repository/org/assertj/assertj-core/3.24.2/assertj-core-3.24.2.jar:/Users/hashemzerei/.m2/repository/org/awaitility/awaitility/4.2.0/awaitility-4.2.0.jar:/Users/hashemzerei/.m2/repository/org/hamcrest/hamcrest/2.2/hamcrest-2.2.jar:/Users/hashemzerei/.m2/repository/org/junit/jupiter/junit-jupiter/5.10.2/junit-jupiter-5.10.2.jar:/Users/hashemzerei/.m2/repository/org/junit/jupiter/junit-jupiter-api/5.10.2/junit-jupiter-api-5.10.2.jar:/Users/hashemzerei/.m2/repository/org/opentest4j/opentest4j/1.3.0/opentest4j-1.3.0.jar:/Users/hashemzerei/.m2/repository/org/junit/platform/junit-platform-commons/1.10.2/junit-platform-commons-1.10.2.jar:/Users/hashemzerei/.m2/repository/org/apiguardian/apiguardian-api/1.1.2/apiguardian-api-1.1.2.jar:/Users/hashemzerei/.m2/repository/org/junit/jupiter/junit-jupiter-params/5.10.2/junit-jupiter-params-5.10.2.jar:/Users/hashemzerei/.m2/repository/org/junit/jupiter/junit-jupiter-engine/5.10.2/junit-jupiter-engine-5.10.2.jar:/Users/hashemzerei/.m2/repository/org/junit/platform/junit-platform-engine/1.10.2/junit-platform-engine-1.10.2.jar:/Users/hashemzerei/.m2/repository/org/mockito/mockito-core/5.7.0/mockito-core-5.7.0.jar:/Users/hashemzerei/.m2/repository/net/bytebuddy/byte-buddy-agent/1.14.12/byte-buddy-agent-1.14.12.jar:/Users/hashemzerei/.m2/repository/org/objenesis/objenesis/3.3/objenesis-3.3.jar:/Users/hashemzerei/.m2/repository/org/mockito/mockito-junit-jupiter/5.7.0/mockito-junit-jupiter-5.7.0.jar:/Users/hashemzerei/.m2/repository/org/skyscreamer/jsonassert/1.5.1/jsonassert-1.5.1.jar:/Users/hashemzerei/.m2/repository/com/vaadin/external/google/android-json/0.0.20131108.vaadin1/android-json-0.0.20131108.vaadin1.jar:/Users/hashemzerei/.m2/repository/org/springframework/spring-core/6.1.4/spring-core-6.1.4.jar:/Users/hashemzerei/.m2/repository/org/springframework/spring-jcl/6.1.4/spring-jcl-6.1.4.jar:/Users/hashemzerei/.m2/repository/org/springframework/spring-test/6.1.4/spring-test-6.1.4.jar:/Users/hashemzerei/.m2/repository/org/xmlunit/xmlunit-core/2.9.1/xmlunit-core-2.9.1.jar:/Users/hashemzerei/.m2/repository/org/json/json/20240303/json-20240303.jar:"/>
    <property name="sun.cpu.endian" value="little"/>
    <property name="user.home" value="/Users/hashemzerei"/>
    <property name="user.language" value="en"/>
    <property name="java.specification.vendor" value="Oracle Corporation"/>
    <property name="java.version.date" value="2024-01-16"/>
    <property name="java.home" value="/opt/homebrew/Cellar/openjdk/21.0.2/libexec/openjdk.jdk/Contents/Home"/>
    <property name="file.separator" value="/"/>
    <property name="basedir" value="/Users/hashemzerei/Documents/workspace-spring-tool-suite-4-4.19.0.RELEASE/scme-messenger"/>
    <property name="java.vm.compressedOopsMode" value="Zero based"/>
    <property name="line.separator" value="&#10;"/>
    <property name="java.vm.specification.vendor" value="Oracle Corporation"/>
    <property name="java.specification.name" value="Java Platform API Specification"/>
    <property name="FILE_LOG_CHARSET" value="UTF-8"/>
    <property name="java.awt.headless" value="true"/>
    <property name="apple.awt.application.name" value="ForkedBooter"/>
    <property name="surefire.real.class.path" value="/Users/hashemzerei/Documents/workspace-spring-tool-suite-4-4.19.0.RELEASE/scme-messenger/target/surefire/surefirebooter-20240409032950496_3.jar"/>
    <property name="sun.management.compiler" value="HotSpot 64-Bit Tiered Compilers"/>
    <property name="ftp.nonProxyHosts" value="local|*.local|169.254/16|*.169.254/16"/>
    <property name="java.runtime.version" value="21.0.2"/>
    <property name="user.name" value="hashemzerei"/>
    <property name="stdout.encoding" value="UTF-8"/>
    <property name="path.separator" value=":"/>
    <property name="os.version" value="13.0.1"/>
    <property name="java.runtime.name" value="OpenJDK Runtime Environment"/>
    <property name="file.encoding" value="UTF-8"/>
    <property name="java.vm.name" value="OpenJDK 64-Bit Server VM"/>
    <property name="java.vendor.version" value="Homebrew"/>
    <property name="localRepository" value="/Users/hashemzerei/.m2/repository"/>
    <property name="java.vendor.url.bug" value="https://github.com/Homebrew/homebrew-core/issues"/>
    <property name="java.io.tmpdir" value="/var/folders/7h/8929c41x0n15ysldhb9lhqk80000gn/T/"/>
    <property name="com.zaxxer.hikari.pool_number" value="1"/>
    <property name="java.version" value="21.0.2"/>
    <property name="user.dir" value="/Users/hashemzerei/Documents/workspace-spring-tool-suite-4-4.19.0.RELEASE/scme-messenger"/>
    <property name="os.arch" value="aarch64"/>
    <property name="java.vm.specification.name" value="Java Virtual Machine Specification"/>
    <property name="PID" value="28390"/>
    <property name="CONSOLE_LOG_CHARSET" value="UTF-8"/>
    <property name="native.encoding" value="UTF-8"/>
    <property name="java.library.path" value="/Users/hashemzerei/Library/Java/Extensions:/Library/Java/Extensions:/Network/Library/Java/Extensions:/System/Library/Java/Extensions:/usr/lib/java:."/>
    <property name="java.vm.info" value="mixed mode, sharing"/>
    <property name="stderr.encoding" value="UTF-8"/>
    <property name="java.vendor" value="Homebrew"/>
    <property name="java.vm.version" value="21.0.2"/>
    <property name="sun.io.unicode.encoding" value="UnicodeBig"/>
    <property name="skiptests" value="true"/>
    <property name="socksNonProxyHosts" value="local|*.local|169.254/16|*.169.254/16"/>
    <property name="java.class.version" value="65.0"/>
    <property name="LOGGED_APPLICATION_NAME" value="[messenger] "/>
  </properties>
  <testcase name="contextLoads" classname="com.scme.messenger.ScmeMessengerApplicationTests" time="0.332">
    <system-out><![CDATA[03:29:50.920 [main] INFO org.springframework.test.context.support.AnnotationConfigContextLoaderUtils -- Could not detect default configuration classes for test class [com.scme.messenger.ScmeMessengerApplicationTests]: ScmeMessengerApplicationTests does not declare any static, non-private, non-final, nested classes annotated with @Configuration.
03:29:50.976 [main] INFO org.springframework.boot.test.context.SpringBootTestContextBootstrapper -- Found @SpringBootConfiguration com.scme.messenger.ScmeMessengerApplication for test class com.scme.messenger.ScmeMessengerApplicationTests
03:29:51.050 [main] INFO org.springframework.boot.devtools.restart.RestartApplicationListener -- Restart disabled due to context in which it is running

  .   ____          _            __ _ _
 /\\ / ___'_ __ _ _(_)_ __  __ _ \ \ \ \
( ( )\___ | '_ | '_| | '_ \/ _` | \ \ \ \
 \\/  ___)| |_)| | | | | || (_| |  ) ) ) )
  '  |____| .__|_| |_|_| |_\__, | / / / /
 =========|_|==============|___/=/_/_/_/
 :: Spring Boot ::                (v3.2.3)

2024-04-09T03:29:51.157+02:00  WARN 28390 --- [messenger] [           main] ory$DuplicateJsonObjectContextCustomizer : 

Found multiple occurrences of org.json.JSONObject on the class path:

	jar:file:/Users/hashemzerei/.m2/repository/com/vaadin/external/google/android-json/0.0.20131108.vaadin1/android-json-0.0.20131108.vaadin1.jar!/org/json/JSONObject.class
	jar:file:/Users/hashemzerei/.m2/repository/org/json/json/20240303/json-20240303.jar!/org/json/JSONObject.class

You may wish to exclude one of them to ensure predictable runtime behavior

2024-04-09T03:29:51.169+02:00  INFO 28390 --- [messenger] [           main] c.s.m.ScmeMessengerApplicationTests      : Starting ScmeMessengerApplicationTests using Java 21.0.2 with PID 28390 (started by hashemzerei in /Users/hashemzerei/Documents/workspace-spring-tool-suite-4-4.19.0.RELEASE/scme-messenger)
2024-04-09T03:29:51.170+02:00  INFO 28390 --- [messenger] [           main] c.s.m.ScmeMessengerApplicationTests      : No active profile set, falling back to 1 default profile: "default"
2024-04-09T03:29:51.643+02:00  INFO 28390 --- [messenger] [           main] .s.d.r.c.RepositoryConfigurationDelegate : Bootstrapping Spring Data JPA repositories in DEFAULT mode.
2024-04-09T03:29:51.678+02:00  INFO 28390 --- [messenger] [           main] .s.d.r.c.RepositoryConfigurationDelegate : Finished Spring Data repository scanning in 30 ms. Found 2 JPA repository interfaces.
2024-04-09T03:29:51.959+02:00  INFO 28390 --- [messenger] [           main] com.zaxxer.hikari.HikariDataSource       : HikariPool-1 - Starting...
2024-04-09T03:29:52.111+02:00  INFO 28390 --- [messenger] [           main] com.zaxxer.hikari.pool.HikariPool        : HikariPool-1 - Added connection org.postgresql.jdbc.PgConnection@689faf79
2024-04-09T03:29:52.115+02:00  INFO 28390 --- [messenger] [           main] com.zaxxer.hikari.HikariDataSource       : HikariPool-1 - Start completed.
2024-04-09T03:29:52.353+02:00  INFO 28390 --- [messenger] [           main] o.hibernate.jpa.internal.util.LogHelper  : HHH000204: Processing PersistenceUnitInfo [name: default]
2024-04-09T03:29:52.391+02:00  INFO 28390 --- [messenger] [           main] org.hibernate.Version                    : HHH000412: Hibernate ORM core version 6.4.4.Final
2024-04-09T03:29:52.409+02:00  INFO 28390 --- [messenger] [           main] o.h.c.internal.RegionFactoryInitiator    : HHH000026: Second-level cache disabled
2024-04-09T03:29:52.520+02:00  INFO 28390 --- [messenger] [           main] o.s.o.j.p.SpringPersistenceUnitInfo      : No LoadTimeWeaver setup: ignoring JPA class transformer
2024-04-09T03:29:52.552+02:00  WARN 28390 --- [messenger] [           main] org.hibernate.orm.deprecation            : HHH90000025: PostgreSQLDialect does not need to be specified explicitly using 'hibernate.dialect' (remove the property setting and it will be selected by default)
2024-04-09T03:29:52.758+02:00  WARN 28390 --- [messenger] [           main] org.hibernate.mapping.RootClass          : HHH000038: Composite-id class does not override equals(): com.scme.messenger.model.composite.ChatID
2024-04-09T03:29:52.758+02:00  WARN 28390 --- [messenger] [           main] org.hibernate.mapping.RootClass          : HHH000039: Composite-id class does not override hashCode(): com.scme.messenger.model.composite.ChatID
2024-04-09T03:29:52.758+02:00  WARN 28390 --- [messenger] [           main] org.hibernate.mapping.RootClass          : HHH000038: Composite-id class does not override equals(): com.scme.messenger.model.composite.GroupMessageID
2024-04-09T03:29:52.758+02:00  WARN 28390 --- [messenger] [           main] org.hibernate.mapping.RootClass          : HHH000039: Composite-id class does not override hashCode(): com.scme.messenger.model.composite.GroupMessageID
2024-04-09T03:29:52.759+02:00  WARN 28390 --- [messenger] [           main] org.hibernate.mapping.RootClass          : HHH000038: Composite-id class does not override equals(): com.scme.messenger.model.composite.CourseID
2024-04-09T03:29:52.759+02:00  WARN 28390 --- [messenger] [           main] org.hibernate.mapping.RootClass          : HHH000039: Composite-id class does not override hashCode(): com.scme.messenger.model.composite.CourseID
2024-04-09T03:29:53.055+02:00  INFO 28390 --- [messenger] [           main] o.h.m.internal.PojoInstantiatorImpl      : HHH000182: No default (no-argument) constructor for class: com.scme.messenger.model.composite.ChatMessageID (class must be instantiated by Interceptor)
2024-04-09T03:29:53.140+02:00  INFO 28390 --- [messenger] [           main] o.h.e.t.j.p.i.JtaPlatformInitiator       : HHH000489: No JTA platform available (set 'hibernate.transaction.jta.platform' to enable JTA platform integration)
2024-04-09T03:29:53.148+02:00  WARN 28390 --- [messenger] [           main] o.h.engine.jdbc.spi.SqlExceptionHelper   : SQL Warning Code: 0, SQLState: 00000
2024-04-09T03:29:53.148+02:00  WARN 28390 --- [messenger] [           main] o.h.engine.jdbc.spi.SqlExceptionHelper   : relation "chat" does not exist, skipping
2024-04-09T03:29:53.148+02:00  WARN 28390 --- [messenger] [           main] o.h.engine.jdbc.spi.SqlExceptionHelper   : SQL Warning Code: 0, SQLState: 00000
2024-04-09T03:29:53.148+02:00  WARN 28390 --- [messenger] [           main] o.h.engine.jdbc.spi.SqlExceptionHelper   : relation "chat" does not exist, skipping
2024-04-09T03:29:53.148+02:00  WARN 28390 --- [messenger] [           main] o.h.engine.jdbc.spi.SqlExceptionHelper   : SQL Warning Code: 0, SQLState: 00000
2024-04-09T03:29:53.148+02:00  WARN 28390 --- [messenger] [           main] o.h.engine.jdbc.spi.SqlExceptionHelper   : relation "chat_message" does not exist, skipping
2024-04-09T03:29:53.149+02:00  WARN 28390 --- [messenger] [           main] o.h.engine.jdbc.spi.SqlExceptionHelper   : SQL Warning Code: 0, SQLState: 00000
2024-04-09T03:29:53.149+02:00  WARN 28390 --- [messenger] [           main] o.h.engine.jdbc.spi.SqlExceptionHelper   : relation "chat_message" does not exist, skipping
2024-04-09T03:29:53.149+02:00  WARN 28390 --- [messenger] [           main] o.h.engine.jdbc.spi.SqlExceptionHelper   : SQL Warning Code: 0, SQLState: 00000
2024-04-09T03:29:53.149+02:00  WARN 28390 --- [messenger] [           main] o.h.engine.jdbc.spi.SqlExceptionHelper   : relation "chat_message" does not exist, skipping
2024-04-09T03:29:53.149+02:00  WARN 28390 --- [messenger] [           main] o.h.engine.jdbc.spi.SqlExceptionHelper   : SQL Warning Code: 0, SQLState: 00000
2024-04-09T03:29:53.149+02:00  WARN 28390 --- [messenger] [           main] o.h.engine.jdbc.spi.SqlExceptionHelper   : relation "course" does not exist, skipping
2024-04-09T03:29:53.150+02:00  WARN 28390 --- [messenger] [           main] o.h.engine.jdbc.spi.SqlExceptionHelper   : SQL Warning Code: 0, SQLState: 00000
2024-04-09T03:29:53.150+02:00  WARN 28390 --- [messenger] [           main] o.h.engine.jdbc.spi.SqlExceptionHelper   : relation "course_user" does not exist, skipping
2024-04-09T03:29:53.150+02:00  WARN 28390 --- [messenger] [           main] o.h.engine.jdbc.spi.SqlExceptionHelper   : SQL Warning Code: 0, SQLState: 00000
2024-04-09T03:29:53.150+02:00  WARN 28390 --- [messenger] [           main] o.h.engine.jdbc.spi.SqlExceptionHelper   : relation "course_user" does not exist, skipping
2024-04-09T03:29:53.150+02:00  WARN 28390 --- [messenger] [           main] o.h.engine.jdbc.spi.SqlExceptionHelper   : SQL Warning Code: 0, SQLState: 00000
2024-04-09T03:29:53.150+02:00  WARN 28390 --- [messenger] [           main] o.h.engine.jdbc.spi.SqlExceptionHelper   : relation "department" does not exist, skipping
2024-04-09T03:29:53.151+02:00  WARN 28390 --- [messenger] [           main] o.h.engine.jdbc.spi.SqlExceptionHelper   : SQL Warning Code: 0, SQLState: 00000
2024-04-09T03:29:53.151+02:00  WARN 28390 --- [messenger] [           main] o.h.engine.jdbc.spi.SqlExceptionHelper   : relation "group_message" does not exist, skipping
2024-04-09T03:29:53.151+02:00  WARN 28390 --- [messenger] [           main] o.h.engine.jdbc.spi.SqlExceptionHelper   : SQL Warning Code: 0, SQLState: 00000
2024-04-09T03:29:53.151+02:00  WARN 28390 --- [messenger] [           main] o.h.engine.jdbc.spi.SqlExceptionHelper   : relation "group_message" does not exist, skipping
2024-04-09T03:29:53.151+02:00  WARN 28390 --- [messenger] [           main] o.h.engine.jdbc.spi.SqlExceptionHelper   : SQL Warning Code: 0, SQLState: 00000
2024-04-09T03:29:53.151+02:00  WARN 28390 --- [messenger] [           main] o.h.engine.jdbc.spi.SqlExceptionHelper   : relation "module_table" does not exist, skipping
2024-04-09T03:29:53.152+02:00  WARN 28390 --- [messenger] [           main] o.h.engine.jdbc.spi.SqlExceptionHelper   : SQL Warning Code: 0, SQLState: 00000
2024-04-09T03:29:53.152+02:00  WARN 28390 --- [messenger] [           main] o.h.engine.jdbc.spi.SqlExceptionHelper   : table "chat" does not exist, skipping
2024-04-09T03:29:53.152+02:00  WARN 28390 --- [messenger] [           main] o.h.engine.jdbc.spi.SqlExceptionHelper   : SQL Warning Code: 0, SQLState: 00000
2024-04-09T03:29:53.152+02:00  WARN 28390 --- [messenger] [           main] o.h.engine.jdbc.spi.SqlExceptionHelper   : table "chat_message" does not exist, skipping
2024-04-09T03:29:53.153+02:00  WARN 28390 --- [messenger] [           main] o.h.engine.jdbc.spi.SqlExceptionHelper   : SQL Warning Code: 0, SQLState: 00000
2024-04-09T03:29:53.153+02:00  WARN 28390 --- [messenger] [           main] o.h.engine.jdbc.spi.SqlExceptionHelper   : table "course" does not exist, skipping
2024-04-09T03:29:53.154+02:00  WARN 28390 --- [messenger] [           main] o.h.engine.jdbc.spi.SqlExceptionHelper   : SQL Warning Code: 0, SQLState: 00000
2024-04-09T03:29:53.154+02:00  WARN 28390 --- [messenger] [           main] o.h.engine.jdbc.spi.SqlExceptionHelper   : table "course_user" does not exist, skipping
2024-04-09T03:29:53.154+02:00  WARN 28390 --- [messenger] [           main] o.h.engine.jdbc.spi.SqlExceptionHelper   : SQL Warning Code: 0, SQLState: 00000
2024-04-09T03:29:53.154+02:00  WARN 28390 --- [messenger] [           main] o.h.engine.jdbc.spi.SqlExceptionHelper   : table "department" does not exist, skipping
2024-04-09T03:29:53.154+02:00  WARN 28390 --- [messenger] [           main] o.h.engine.jdbc.spi.SqlExceptionHelper   : SQL Warning Code: 0, SQLState: 00000
2024-04-09T03:29:53.154+02:00  WARN 28390 --- [messenger] [           main] o.h.engine.jdbc.spi.SqlExceptionHelper   : table "group_message" does not exist, skipping
2024-04-09T03:29:53.154+02:00  WARN 28390 --- [messenger] [           main] o.h.engine.jdbc.spi.SqlExceptionHelper   : SQL Warning Code: 0, SQLState: 00000
2024-04-09T03:29:53.154+02:00  WARN 28390 --- [messenger] [           main] o.h.engine.jdbc.spi.SqlExceptionHelper   : table "module_table" does not exist, skipping
2024-04-09T03:29:53.155+02:00  WARN 28390 --- [messenger] [           main] o.h.engine.jdbc.spi.SqlExceptionHelper   : SQL Warning Code: 0, SQLState: 00000
2024-04-09T03:29:53.155+02:00  WARN 28390 --- [messenger] [           main] o.h.engine.jdbc.spi.SqlExceptionHelper   : table "user-otp" does not exist, skipping
2024-04-09T03:29:53.155+02:00  WARN 28390 --- [messenger] [           main] o.h.engine.jdbc.spi.SqlExceptionHelper   : SQL Warning Code: 0, SQLState: 00000
2024-04-09T03:29:53.155+02:00  WARN 28390 --- [messenger] [           main] o.h.engine.jdbc.spi.SqlExceptionHelper   : table "user_table" does not exist, skipping
2024-04-09T03:29:53.231+02:00  INFO 28390 --- [messenger] [           main] j.LocalContainerEntityManagerFactoryBean : Initialized JPA EntityManagerFactory for persistence unit 'default'
2024-04-09T03:29:53.456+02:00  INFO 28390 --- [messenger] [           main] org.quartz.impl.StdSchedulerFactory      : Using default implementation for ThreadExecutor
2024-04-09T03:29:53.462+02:00  INFO 28390 --- [messenger] [           main] org.quartz.core.SchedulerSignalerImpl    : Initialized Scheduler Signaller of type: class org.quartz.core.SchedulerSignalerImpl
2024-04-09T03:29:53.463+02:00  INFO 28390 --- [messenger] [           main] org.quartz.core.QuartzScheduler          : Quartz Scheduler v.2.3.2 created.
2024-04-09T03:29:53.463+02:00  INFO 28390 --- [messenger] [           main] o.s.s.quartz.LocalDataSourceJobStore     : Using db table-based data access locking (synchronization).
2024-04-09T03:29:53.464+02:00  INFO 28390 --- [messenger] [           main] o.s.s.quartz.LocalDataSourceJobStore     : JobStoreCMT initialized.
2024-04-09T03:29:53.464+02:00  INFO 28390 --- [messenger] [           main] org.quartz.core.QuartzScheduler          : Scheduler meta-data: Quartz Scheduler (v2.3.2) 'quartzScheduler' with instanceId 'NON_CLUSTERED'
  Scheduler class: 'org.quartz.core.QuartzScheduler' - running locally.
  NOT STARTED.
  Currently in standby mode.
  Number of jobs executed: 0
  Using thread pool 'org.quartz.simpl.SimpleThreadPool' - with 10 threads.
  Using job-store 'org.springframework.scheduling.quartz.LocalDataSourceJobStore' - which supports persistence. and is not clustered.

2024-04-09T03:29:53.464+02:00  INFO 28390 --- [messenger] [           main] org.quartz.impl.StdSchedulerFactory      : Quartz scheduler 'quartzScheduler' initialized from an externally provided properties instance.
2024-04-09T03:29:53.465+02:00  INFO 28390 --- [messenger] [           main] org.quartz.impl.StdSchedulerFactory      : Quartz scheduler version: 2.3.2
2024-04-09T03:29:53.465+02:00  INFO 28390 --- [messenger] [           main] org.quartz.core.QuartzScheduler          : JobFactory set to: org.springframework.scheduling.quartz.SpringBeanJobFactory@1e084a26
2024-04-09T03:29:53.555+02:00  WARN 28390 --- [messenger] [           main] JpaBaseConfiguration$JpaWebConfiguration : spring.jpa.open-in-view is enabled by default. Therefore, database queries may be performed during view rendering. Explicitly configure spring.jpa.open-in-view to disable this warning
2024-04-09T03:29:53.714+02:00  INFO 28390 --- [messenger] [           main] o.s.s.web.DefaultSecurityFilterChain     : Will secure any request with [org.springframework.security.web.session.DisableEncodeUrlFilter@6f254d79, org.springframework.security.web.context.request.async.WebAsyncManagerIntegrationFilter@589cc8eb, org.springframework.security.web.context.SecurityContextHolderFilter@2e1b1d22, org.springframework.security.web.header.HeaderWriterFilter@4407f129, org.springframework.web.filter.CorsFilter@44233014, org.springframework.security.web.authentication.logout.LogoutFilter@40cd02fc, com.scme.messenger.filter.JwtAuthenticationFilter@1c0a143, org.springframework.security.web.savedrequest.RequestCacheAwareFilter@5276330a, org.springframework.security.web.servletapi.SecurityContextHolderAwareRequestFilter@221961f2, org.springframework.security.web.authentication.AnonymousAuthenticationFilter@6888a33, org.springframework.security.web.session.SessionManagementFilter@29ec5005, org.springframework.security.web.access.ExceptionTranslationFilter@1142843c, org.springframework.security.web.access.intercept.FilterSecurityInterceptor@2e674698]
2024-04-09T03:29:54.113+02:00  INFO 28390 --- [messenger] [           main] o.s.s.quartz.SchedulerFactoryBean        : Starting Quartz Scheduler now
2024-04-09T03:29:54.133+02:00  INFO 28390 --- [messenger] [           main] o.s.s.quartz.LocalDataSourceJobStore     : Freed 0 triggers from 'acquired' / 'blocked' state.
2024-04-09T03:29:54.138+02:00  INFO 28390 --- [messenger] [           main] o.s.s.quartz.LocalDataSourceJobStore     : Recovering 0 jobs that were in-progress at the time of the last shut-down.
2024-04-09T03:29:54.138+02:00  INFO 28390 --- [messenger] [           main] o.s.s.quartz.LocalDataSourceJobStore     : Recovery complete.
2024-04-09T03:29:54.138+02:00  INFO 28390 --- [messenger] [           main] o.s.s.quartz.LocalDataSourceJobStore     : Removed 0 'complete' triggers.
2024-04-09T03:29:54.138+02:00  INFO 28390 --- [messenger] [           main] o.s.s.quartz.LocalDataSourceJobStore     : Removed 0 stale fired job entries.
2024-04-09T03:29:54.139+02:00  INFO 28390 --- [messenger] [           main] org.quartz.core.QuartzScheduler          : Scheduler quartzScheduler_$_NON_CLUSTERED started.
2024-04-09T03:29:54.146+02:00  INFO 28390 --- [messenger] [           main] c.s.m.ScmeMessengerApplicationTests      : Started ScmeMessengerApplicationTests in 3.103 seconds (process running for 3.609)
]]></system-out>
    <system-err><![CDATA[WARNING: A Java agent has been loaded dynamically (/Users/hashemzerei/.m2/repository/net/bytebuddy/byte-buddy-agent/1.14.12/byte-buddy-agent-1.14.12.jar)
WARNING: If a serviceability tool is in use, please run with -XX:+EnableDynamicAgentLoading to hide this warning
WARNING: If a serviceability tool is not in use, please run with -Djdk.instrument.traceUsage for more information
WARNING: Dynamic loading of agents will be disallowed by default in a future release
]]></system-err>
  </testcase>
</testsuite>